<?xml version="1.0" encoding="UTF-8"?>
<testsuite xmlns:xsi="http://www.w3.org/2001/XMLSchema-instance" xsi:noNamespaceSchemaLocation="https://maven.apache.org/surefire/maven-surefire-plugin/xsd/surefire-test-report.xsd" name="com.mycompany.datetimechecker.DayInMonthTest" time="0.627" tests="14" errors="0" skipped="0" failures="0">
  <properties>
[...]
</properties>
  <testcase name="testUTCID01" classname="com.mycompany.datetimechecker.DayInMonthTest" time="0.44"/>
  <testcase name="testUTCID02" classname="com.mycompany.datetimechecker.DayInMonthTest" time="0.014"/>
  <testcase name="testUTCID03" classname="com.mycompany.datetimechecker.DayInMonthTest" time="0.012"/>
  <testcase name="testUTCID04" classname="com.mycompany.datetimechecker.DayInMonthTest" time="0.015"/>
  <testcase name="testUTCID05" classname="com.mycompany.datetimechecker.DayInMonthTest" time="0.01"/>
  <testcase name="testUTCID06" classname="com.mycompany.datetimechecker.DayInMonthTest" time="0.012"/>
  <testcase name="testUTCID07" classname="com.mycompany.datetimechecker.DayInMonthTest" time="0.015"/>
  <testcase name="testUTCID08" classname="com.mycompany.datetimechecker.DayInMonthTest" time="0.014"/>
  <testcase name="testUTCID09" classname="com.mycompany.datetimechecker.DayInMonthTest" time="0.013"/>
  <testcase name="testUTCID10" classname="com.mycompany.datetimechecker.DayInMonthTest" time="0.012"/>
  <testcase name="testUTCID11" classname="com.mycompany.datetimechecker.DayInMonthTest" time="0.013"/>
  <testcase name="testUTCID12" classname="com.mycompany.datetimechecker.DayInMonthTest" time="0.014"/>
  <testcase name="testUTCID14" classname="com.mycompany.datetimechecker.DayInMonthTest" time="0.016"/>
  <testcase name="testUTCID15" classname="com.mycompany.datetimechecker.DayInMonthTest" time="0.015"/>
</testsuite>